2019-01-10T15:43:31+00:00 CRITICAL Maximum execution time of 30 seconds exceeded, em C:\xampp\htdocs\wordpress\wp-includes\widgets\class-wp-widget-links.php, na linha 17

2019-01-10T15:44:17+00:00 CRITICAL Maximum execution time of 30 seconds exceeded, em C:\xampp\htdocs\wordpress\wp-admin\includes\template.php, na linha 12

2019-01-10T18:52:07+00:00 CRITICAL Maximum execution time of 30 seconds exceeded, em C:\xampp\htdocs\wordpress\wp-content\plugins\woocommerce\includes\libraries\action-scheduler\classes\ActionScheduler_Abstract_QueueRunner.php, na linha 6

2019-01-10T18:54:06+00:00 CRITICAL Maximum execution time of 30 seconds exceeded, em C:\xampp\htdocs\wordpress\wp-includes\Requests\Transport\cURL.php, na linha 163

2019-01-10T18:54:54+00:00 CRITICAL Maximum execution time of 30 seconds exceeded, em C:\xampp\htdocs\wordpress\wp-content\plugins\wpforms-lite\includes\providers\class-constant-contact.php, na linha 12

2019-01-10T20:13:02+00:00 CRITICAL Maximum execution time of 30 seconds exceeded, em C:\xampp\htdocs\wordpress\wp-content\plugins\ocean-extra\includes\widgets\contact-info.php, na linha 9

2019-01-10T20:28:32+00:00 CRITICAL Uncaught Error: Call to a member function get_type() on string in C:\xampp\htdocs\wordpress\wp-content\plugins\wc-custom-add-to-cart-labels\wc-custom-add-to-cart-labels.php:154
Stack trace:
#0 C:\xampp\htdocs\wordpress\wp-includes\class-wp-hook.php(288): custom_woocommerce_product_add_to_cart_text('Comprar')
#1 C:\xampp\htdocs\wordpress\wp-includes\plugin.php(203): WP_Hook->apply_filters('Comprar', Array)
#2 C:\xampp\htdocs\wordpress\wp-content\plugins\woocommerce\includes\class-wc-product-simple.php(55): apply_filters('woocommerce_pro...', 'Comprar', Object(WC_Product_Simple))
#3 C:\xampp\htdocs\wordpress\wp-content\themes\oceanwp\inc\woocommerce\woocommerce-config.php(1256): WC_Product_Simple->add_to_cart_text()
#4 C:\xampp\htdocs\wordpress\wp-content\themes\oceanwp\inc\woocommerce\woocommerce-config.php(1235): OceanWP_WooCommerce_Config::floating_bar_add_to_cart(Object(WC_Product_Simple))
#5 C:\xampp\htdocs\wordpress\wp-includes\class-wp-hook.php(286): OceanWP_WooCommerce_Config->floating_bar('')
#6 C:\xam, em C:\xampp\htdocs\wordpress\wp-content\plugins\wc-custom-add-to-cart-labels\wc-custom-add-to-cart-labels.php, na linha 154

2019-01-10T20:28:39+00:00 CRITICAL Uncaught Error: Call to a member function get_type() on string in C:\xampp\htdocs\wordpress\wp-content\plugins\wc-custom-add-to-cart-labels\wc-custom-add-to-cart-labels.php:154
Stack trace:
#0 C:\xampp\htdocs\wordpress\wp-includes\class-wp-hook.php(288): custom_woocommerce_product_add_to_cart_text('Comprar')
#1 C:\xampp\htdocs\wordpress\wp-includes\plugin.php(203): WP_Hook->apply_filters('Comprar', Array)
#2 C:\xampp\htdocs\wordpress\wp-content\plugins\woocommerce\includes\class-wc-product-simple.php(55): apply_filters('woocommerce_pro...', 'Comprar', Object(WC_Product_Simple))
#3 C:\xampp\htdocs\wordpress\wp-content\themes\oceanwp\inc\woocommerce\woocommerce-config.php(1256): WC_Product_Simple->add_to_cart_text()
#4 C:\xampp\htdocs\wordpress\wp-content\themes\oceanwp\inc\woocommerce\woocommerce-config.php(1235): OceanWP_WooCommerce_Config::floating_bar_add_to_cart(Object(WC_Product_Simple))
#5 C:\xampp\htdocs\wordpress\wp-includes\class-wp-hook.php(286): OceanWP_WooCommerce_Config->floating_bar('')
#6 C:\xam, em C:\xampp\htdocs\wordpress\wp-content\plugins\wc-custom-add-to-cart-labels\wc-custom-add-to-cart-labels.php, na linha 154

2019-01-10T20:29:21+00:00 CRITICAL Uncaught Error: Call to a member function get_type() on string in C:\xampp\htdocs\wordpress\wp-content\plugins\wc-custom-add-to-cart-labels\wc-custom-add-to-cart-labels.php:154
Stack trace:
#0 C:\xampp\htdocs\wordpress\wp-includes\class-wp-hook.php(288): custom_woocommerce_product_add_to_cart_text('Comprar')
#1 C:\xampp\htdocs\wordpress\wp-includes\plugin.php(203): WP_Hook->apply_filters('Comprar', Array)
#2 C:\xampp\htdocs\wordpress\wp-content\plugins\woocommerce\includes\class-wc-product-simple.php(55): apply_filters('woocommerce_pro...', 'Comprar', Object(WC_Product_Simple))
#3 C:\xampp\htdocs\wordpress\wp-content\themes\oceanwp\inc\woocommerce\woocommerce-config.php(1256): WC_Product_Simple->add_to_cart_text()
#4 C:\xampp\htdocs\wordpress\wp-content\themes\oceanwp\inc\woocommerce\woocommerce-config.php(1235): OceanWP_WooCommerce_Config::floating_bar_add_to_cart(Object(WC_Product_Simple))
#5 C:\xampp\htdocs\wordpress\wp-includes\class-wp-hook.php(286): OceanWP_WooCommerce_Config->floating_bar('')
#6 C:\xam, em C:\xampp\htdocs\wordpress\wp-content\plugins\wc-custom-add-to-cart-labels\wc-custom-add-to-cart-labels.php, na linha 154

2019-01-10T20:29:49+00:00 CRITICAL Uncaught Error: Call to a member function get_type() on string in C:\xampp\htdocs\wordpress\wp-content\plugins\wc-custom-add-to-cart-labels\wc-custom-add-to-cart-labels.php:154
Stack trace:
#0 C:\xampp\htdocs\wordpress\wp-includes\class-wp-hook.php(288): custom_woocommerce_product_add_to_cart_text('Comprar')
#1 C:\xampp\htdocs\wordpress\wp-includes\plugin.php(203): WP_Hook->apply_filters('Comprar', Array)
#2 C:\xampp\htdocs\wordpress\wp-content\plugins\woocommerce\includes\class-wc-product-simple.php(55): apply_filters('woocommerce_pro...', 'Comprar', Object(WC_Product_Simple))
#3 C:\xampp\htdocs\wordpress\wp-content\themes\oceanwp\inc\woocommerce\woocommerce-config.php(1256): WC_Product_Simple->add_to_cart_text()
#4 C:\xampp\htdocs\wordpress\wp-content\themes\oceanwp\inc\woocommerce\woocommerce-config.php(1235): OceanWP_WooCommerce_Config::floating_bar_add_to_cart(Object(WC_Product_Simple))
#5 C:\xampp\htdocs\wordpress\wp-includes\class-wp-hook.php(286): OceanWP_WooCommerce_Config->floating_bar('')
#6 C:\xam, em C:\xampp\htdocs\wordpress\wp-content\plugins\wc-custom-add-to-cart-labels\wc-custom-add-to-cart-labels.php, na linha 154

2019-01-10T20:33:35+00:00 CRITICAL Uncaught Error: Call to a member function get_type() on string in C:\xampp\htdocs\wordpress\wp-content\plugins\wc-custom-add-to-cart-labels\wc-custom-add-to-cart-labels.php:154
Stack trace:
#0 C:\xampp\htdocs\wordpress\wp-includes\class-wp-hook.php(288): custom_woocommerce_product_add_to_cart_text('Comprar')
#1 C:\xampp\htdocs\wordpress\wp-includes\plugin.php(203): WP_Hook->apply_filters('Comprar', Array)
#2 C:\xampp\htdocs\wordpress\wp-content\plugins\woocommerce\includes\class-wc-product-simple.php(55): apply_filters('woocommerce_pro...', 'Comprar', Object(WC_Product_Simple))
#3 C:\xampp\htdocs\wordpress\wp-content\themes\oceanwp\inc\woocommerce\woocommerce-config.php(1256): WC_Product_Simple->add_to_cart_text()
#4 C:\xampp\htdocs\wordpress\wp-content\themes\oceanwp\inc\woocommerce\woocommerce-config.php(1235): OceanWP_WooCommerce_Config::floating_bar_add_to_cart(Object(WC_Product_Simple))
#5 C:\xampp\htdocs\wordpress\wp-includes\class-wp-hook.php(286): OceanWP_WooCommerce_Config->floating_bar('')
#6 C:\xam, em C:\xampp\htdocs\wordpress\wp-content\plugins\wc-custom-add-to-cart-labels\wc-custom-add-to-cart-labels.php, na linha 154

2019-01-10T20:34:47+00:00 CRITICAL Uncaught Error: Call to a member function get_type() on string in C:\xampp\htdocs\wordpress\wp-content\plugins\wc-custom-add-to-cart-labels\wc-custom-add-to-cart-labels.php:154
Stack trace:
#0 C:\xampp\htdocs\wordpress\wp-includes\class-wp-hook.php(288): custom_woocommerce_product_add_to_cart_text('Comprar')
#1 C:\xampp\htdocs\wordpress\wp-includes\plugin.php(203): WP_Hook->apply_filters('Comprar', Array)
#2 C:\xampp\htdocs\wordpress\wp-content\plugins\woocommerce\includes\class-wc-product-simple.php(55): apply_filters('woocommerce_pro...', 'Comprar', Object(WC_Product_Simple))
#3 C:\xampp\htdocs\wordpress\wp-content\themes\oceanwp\inc\woocommerce\woocommerce-config.php(1256): WC_Product_Simple->add_to_cart_text()
#4 C:\xampp\htdocs\wordpress\wp-content\themes\oceanwp\inc\woocommerce\woocommerce-config.php(1235): OceanWP_WooCommerce_Config::floating_bar_add_to_cart(Object(WC_Product_Simple))
#5 C:\xampp\htdocs\wordpress\wp-includes\class-wp-hook.php(286): OceanWP_WooCommerce_Config->floating_bar('')
#6 C:\xam, em C:\xampp\htdocs\wordpress\wp-content\plugins\wc-custom-add-to-cart-labels\wc-custom-add-to-cart-labels.php, na linha 154

2019-01-10T20:51:05+00:00 CRITICAL Uncaught Error: Call to a member function get_type() on string in C:\xampp\htdocs\wordpress\wp-content\plugins\wc-custom-add-to-cart-labels\wc-custom-add-to-cart-labels.php:154
Stack trace:
#0 C:\xampp\htdocs\wordpress\wp-includes\class-wp-hook.php(288): custom_woocommerce_product_add_to_cart_text('Comprar')
#1 C:\xampp\htdocs\wordpress\wp-includes\plugin.php(203): WP_Hook->apply_filters('Comprar', Array)
#2 C:\xampp\htdocs\wordpress\wp-content\plugins\woocommerce\includes\class-wc-product-simple.php(55): apply_filters('woocommerce_pro...', 'Comprar', Object(WC_Product_Simple))
#3 C:\xampp\htdocs\wordpress\wp-content\themes\oceanwp\inc\woocommerce\woocommerce-config.php(1256): WC_Product_Simple->add_to_cart_text()
#4 C:\xampp\htdocs\wordpress\wp-content\themes\oceanwp\inc\woocommerce\woocommerce-config.php(1235): OceanWP_WooCommerce_Config::floating_bar_add_to_cart(Object(WC_Product_Simple))
#5 C:\xampp\htdocs\wordpress\wp-includes\class-wp-hook.php(286): OceanWP_WooCommerce_Config->floating_bar('')
#6 C:\xam, em C:\xampp\htdocs\wordpress\wp-content\plugins\wc-custom-add-to-cart-labels\wc-custom-add-to-cart-labels.php, na linha 154

